[debug] [2022-07-29T23:21:12.041Z] ----------------------------------------------------------------------
[debug] [2022-07-29T23:21:12.042Z] Command:       /Users/spudunk/.nvm/versions/node/v18.3.0/bin/node /Users/spudunk/.nvm/versions/node/v18.3.0/bin/firebase init
[debug] [2022-07-29T23:21:12.042Z] CLI Version:   11.4.0
[debug] [2022-07-29T23:21:12.042Z] Platform:      darwin
[debug] [2022-07-29T23:21:12.042Z] Node Version:  v18.3.0
[debug] [2022-07-29T23:21:12.043Z] Time:          Fri Jul 29 2022 16:21:12 GMT-0700 (Pacific Daylight Time)
[debug] [2022-07-29T23:21:12.044Z] ----------------------------------------------------------------------
[debug] 
[debug] [2022-07-29T23:21:12.045Z] >>> [apiv2][query] GET https://firebase-public.firebaseio.com/cli.json [none]
[debug] [2022-07-29T23:21:12.098Z] > command requires scopes: ["email","openid","https://www.googleapis.com/auth/cloudplatformprojects.readonly","https://www.googleapis.com/auth/firebase","https://www.googleapis.com/auth/cloud-platform"]
[debug] [2022-07-29T23:21:12.099Z] > authorizing via signed-in user (hickscme@gmail.com)
[info] 
     ######## #### ########  ######## ########     ###     ######  ########
     ##        ##  ##     ## ##       ##     ##  ##   ##  ##       ##
     ######    ##  ########  ######   ########  #########  ######  ######
     ##        ##  ##    ##  ##       ##     ## ##     ##       ## ##
     ##       #### ##     ## ######## ########  ##     ##  ######  ########

You're about to initialize a Firebase project in this directory:

  /Users/spudunk/Documents/Code/webboot.io

[debug] [2022-07-29T23:21:12.318Z] <<< [apiv2][status] GET https://firebase-public.firebaseio.com/cli.json 200
[debug] [2022-07-29T23:21:12.318Z] <<< [apiv2][body] GET https://firebase-public.firebaseio.com/cli.json {"cloudBuildErrorAfter":1594252800000,"cloudBuildWarnAfter":1590019200000,"defaultNode10After":1594252800000,"minVersion":"3.0.5","node8DeploysDisabledAfter":1613390400000,"node8RuntimeDisabledAfter":1615809600000,"node8WarnAfter":1600128000000}
[info] 
=== Project Setup
[info] 
[info] First, let's associate this project directory with a Firebase project.
[info] You can create multiple project aliases by running firebase use --add, 
[info] but for now we'll just set up a default project.
[info] 
[debug] [2022-07-29T23:22:02.826Z] > refreshing access token with scopes: []
[debug] [2022-07-29T23:22:02.827Z] >>> [apiv2][query] POST https://www.googleapis.com/oauth2/v3/token [none]
[debug] [2022-07-29T23:22:02.827Z] >>> [apiv2][body] POST https://www.googleapis.com/oauth2/v3/token [omitted]
[debug] [2022-07-29T23:22:02.951Z] <<< [apiv2][status] POST https://www.googleapis.com/oauth2/v3/token 200
[debug] [2022-07-29T23:22:02.951Z] <<< [apiv2][body] POST https://www.googleapis.com/oauth2/v3/token [omitted]
[debug] [2022-07-29T23:22:02.995Z] >>> [apiv2][query] GET https://firebase.googleapis.com/v1beta1/projects pageSize=100
[debug] [2022-07-29T23:22:03.400Z] <<< [apiv2][status] GET https://firebase.googleapis.com/v1beta1/projects 200
[debug] [2022-07-29T23:22:03.400Z] <<< [apiv2][body] GET https://firebase.googleapis.com/v1beta1/projects [omitted]
[info] i  Using project webboot-website (webboot-website) 
[info] 
=== Database Setup
[info] i  database: ensuring required API firebasedatabase.googleapis.com is enabled... 
[debug] [2022-07-29T23:22:06.103Z] >>> [apiv2][query] GET https://serviceusage.googleapis.com/v1/projects/webboot-website/services/firebasedatabase.googleapis.com [none]
[debug] [2022-07-29T23:22:06.669Z] <<< [apiv2][status] GET https://serviceusage.googleapis.com/v1/projects/webboot-website/services/firebasedatabase.googleapis.com 200
[debug] [2022-07-29T23:22:06.669Z] <<< [apiv2][body] GET https://serviceusage.googleapis.com/v1/projects/webboot-website/services/firebasedatabase.googleapis.com [omitted]
[info] ✔  database: required API firebasedatabase.googleapis.com is enabled 
[info] 
[debug] [2022-07-29T23:22:06.670Z] >>> [apiv2][query] GET https://firebasedatabase.googleapis.com/v1beta/projects/webboot-website/locations/-/instances/webboot-website-default-rtdb [none]
[debug] [2022-07-29T23:22:06.914Z] <<< [apiv2][status] GET https://firebasedatabase.googleapis.com/v1beta/projects/webboot-website/locations/-/instances/webboot-website-default-rtdb 200
[debug] [2022-07-29T23:22:06.914Z] <<< [apiv2][body] GET https://firebasedatabase.googleapis.com/v1beta/projects/webboot-website/locations/-/instances/webboot-website-default-rtdb {"name":"projects/843475817985/locations/us-central1/instances/webboot-website-default-rtdb","project":"projects/843475817985","databaseUrl":"https://webboot-website-default-rtdb.firebaseio.com","type":"DEFAULT_DATABASE","state":"ACTIVE"}
[info] 
[info] Firebase Realtime Database Security Rules allow you to define how your data should be
[info] structured and when your data can be read from and written to.
[info] 
[debug] [2022-07-29T23:22:13.458Z] >>> [apiv2][query] GET https://webboot-website-default-rtdb.firebaseio.com/.settings/rules.json [none]
[debug] [2022-07-29T23:22:13.710Z] <<< [apiv2][status] GET https://webboot-website-default-rtdb.firebaseio.com/.settings/rules.json 200
[debug] [2022-07-29T23:22:13.711Z] <<< [apiv2][body] GET https://webboot-website-default-rtdb.firebaseio.com/.settings/rules.json [stream]
[info] ✔  Database Rules for webboot-website-default-rtdb have been written to database.rules.json. 
[info] Future modifications to database.rules.json will update Realtime Database Security Rules when you run
[info] firebase deploy.
[info] 
=== Hosting Setup
[info] 
[info] Your public directory is the folder (relative to your project directory) that
[info] will contain Hosting assets to be uploaded with firebase deploy. If you
[info] have a build process for your assets, use your build's output directory.
[info] 
